<?xml version="1.0" encoding="UTF-8"?>
<testsuite name="Request a SOAP API with Screenplay" tests="1" skipped="0" failures="0" errors="0" timestamp="2020-01-13T16:25:10" hostname="QVT1MDEWIN11" time="7.256">
  <properties/>
  <testcase name="Simple SOAP Request" classname="Request a SOAP API with Screenplay" time="7.256"/>
  <system-out><![CDATA[]]></system-out>
  <system-err><![CDATA[[Test worker] WARN net.thucydides.core.steps.BaseStepListener - stepStarted: net.thucydides.core.steps.ExecutedStepDescription@7909ee64
[Test worker] WARN net.thucydides.core.steps.BaseStepListener - stepFinished: current outcome:Simple SOAP Request:Given that jorge calls a SOAP API with Screenplay
[Test worker] WARN net.thucydides.core.steps.BaseStepListener - stepStarted: net.thucydides.core.steps.ExecutedStepDescription@3865ecf0
[Test worker] WARN net.thucydides.core.steps.BaseStepListener - stepStarted: net.thucydides.core.steps.ExecutedStepDescription@1bb09dfa
[Test worker] WARN net.thucydides.core.steps.BaseStepListener - stepStarted: net.thucydides.core.steps.ExecutedStepDescription@555a99dd
[Test worker] WARN net.thucydides.core.steps.BaseStepListener - stepFinished: current outcome:Simple SOAP Request:Given that jorge calls a SOAP API with Screenplay, When jorge obtains the SOAP response [JUAN executes a GET on the resource https://reqres.in/api [GET https://reqres.in/apihttps%3A%2F%2Freqres.in/api]]
[Test worker] WARN net.thucydides.core.steps.BaseStepListener - stepFinished: current outcome:Simple SOAP Request:Given that jorge calls a SOAP API with Screenplay, When jorge obtains the SOAP response [JUAN executes a GET on the resource https://reqres.in/api [GET https://reqres.in/apihttps%3A%2F%2Freqres.in/api]]
[Test worker] WARN net.thucydides.core.steps.BaseStepListener - stepFinished: current outcome:Simple SOAP Request:Given that jorge calls a SOAP API with Screenplay, When jorge obtains the SOAP response [JUAN executes a GET on the resource https://reqres.in/api [GET https://reqres.in/apihttps%3A%2F%2Freqres.in/api]]
[Test worker] WARN net.thucydides.core.steps.BaseStepListener - stepStarted: net.thucydides.core.steps.ExecutedStepDescription@1789bd4d
[Test worker] WARN net.thucydides.core.steps.BaseStepListener - stepFinished: current outcome:Simple SOAP Request:Given that jorge calls a SOAP API with Screenplay, When jorge obtains the SOAP response [JUAN executes a GET on the resource https://reqres.in/api [GET https://reqres.in/apihttps%3A%2F%2Freqres.in/api]], Then jorge verifies the quality OF SOAP response
[Test worker] WARN net.thucydides.core.steps.BaseStepListener - testFinished: Simple SOAP Request:Given that jorge calls a SOAP API with Screenplay, When jorge obtains the SOAP response [JUAN executes a GET on the resource https://reqres.in/api [GET https://reqres.in/apihttps%3A%2F%2Freqres.in/api]], Then jorge verifies the quality OF SOAP response
[Test worker] WARN net.thucydides.core.steps.BaseStepListener - TestOutcomes: [Simple SOAP Request:Given that jorge calls a SOAP API with Screenplay, When jorge obtains the SOAP response [JUAN executes a GET on the resource https://reqres.in/api [GET https://reqres.in/apihttps%3A%2F%2Freqres.in/api]], Then jorge verifies the quality OF SOAP response]
[Test worker] WARN net.thucydides.core.steps.BaseStepListener - Final testOutcomes: [Simple SOAP Request:Given that jorge calls a SOAP API with Screenplay, When jorge obtains the SOAP response [JUAN executes a GET on the resource https://reqres.in/api [GET https://reqres.in/apihttps%3A%2F%2Freqres.in/api]], Then jorge verifies the quality OF SOAP response]
[Test worker] INFO net.thucydides.core.steps.ConsoleLoggingListener - 
        __    _____ _____ ____ _____   ____   _    ____  ____  _____ ____  
  _     \ \  |_   _| ____/ ___|_   _| |  _ \ / \  / ___|/ ___|| ____|  _ \ 
 (_)_____| |   | | |  _| \___ \ | |   | |_) / _ \ \___ \\___ \|  _| | | | |
  _|_____| |   | | | |___ ___) || |   |  __/ ___ \ ___) |___) | |___| |_| |
 (_)     | |   |_| |_____|____/ |_|   |_| /_/   \_\____/|____/|_____|____/ 
        /_/                                                                

TEST PASSED: Simple SOAP Request
----------------------------------------------------------------------------
]]></system-err>
</testsuite>
